


ARM Macro Assembler    Page 1 


    1 00000000         ;/******************************************************
                       ***********************
    2 00000000         ; * @file:    startup_LPC177x_8x.s
    3 00000000         ; * @purpose: CMSIS Cortex-M3 Core Device Startup File
    4 00000000         ; *           for the NXP LPC177x_8x Device Series 
    5 00000000         ; * @version: V1.20
    6 00000000         ; * @date:    07. October 2010
    7 00000000         ; *------- <<< Use Configuration Wizard in Context Menu 
                       >>> ------------------
    8 00000000         ; *
    9 00000000         ; * Copyright (C) 2010 ARM Limited. All rights reserved.
                       
   10 00000000         ; * ARM Limited (ARM) is supplying this software for use
                        with Cortex-M3
   11 00000000         ; * processor based microcontrollers.  This file can be 
                       freely distributed
   12 00000000         ; * within development tools that are supporting such AR
                       M based processors.
   13 00000000         ; *
   14 00000000         ; * THIS SOFTWARE IS PROVIDED "AS IS".  NO WARRANTIES, W
                       HETHER EXPRESS, IMPLIED
   15 00000000         ; * OR STATUTORY, INCLUDING, BUT NOT LIMITED TO, IMPLIED
                        WARRANTIES OF
   16 00000000         ; * MERCHANTABILITY AND FITNESS FOR A PARTICULAR PURPOSE
                        APPLY TO THIS SOFTWARE.
   17 00000000         ; * ARM SHALL NOT, IN ANY CIRCUMSTANCES, BE LIABLE FOR S
                       PECIAL, INCIDENTAL, OR
   18 00000000         ; * CONSEQUENTIAL DAMAGES, FOR ANY REASON WHATSOEVER.
   19 00000000         ; *
   20 00000000         ; ******************************************************
                       ***********************/
   21 00000000         
   22 00000000         
   23 00000000         ; <h> Stack Configuration
   24 00000000         ;   <o> Stack Size (in Bytes) <0x0-0xFFFFFFFF:8>
   25 00000000         ; </h>
   26 00000000         
   27 00000000                 IMPORT           OS_CPU_PendSVHandler
   28 00000000                 IMPORT           OS_CPU_SysTickHandler
   29 00000000         
   30 00000000         
   31 00000000         
   32 00000000         
   33 00000000 00000200 
                       Stack_Size
                               EQU              0x00000200
   34 00000000         
   35 00000000                 AREA             STACK, NOINIT, READWRITE, ALIGN
=3
   36 00000000         Stack_Mem
                               SPACE            Stack_Size
   37 00000200         __initial_sp
   38 00000200         
   39 00000200         
   40 00000200         ; <h> Heap Configuration
   41 00000200         ;   <o>  Heap Size (in Bytes) <0x0-0xFFFFFFFF:8>
   42 00000200         ; </h>
   43 00000200         
   44 00000200 00000000 



ARM Macro Assembler    Page 2 


                       Heap_Size
                               EQU              0x00000000
   45 00000200         
   46 00000200                 AREA             HEAP, NOINIT, READWRITE, ALIGN=
3
   47 00000000         __heap_base
   48 00000000         Heap_Mem
                               SPACE            Heap_Size
   49 00000000         __heap_limit
   50 00000000         
   51 00000000         
   52 00000000                 PRESERVE8
   53 00000000                 THUMB
   54 00000000         
   55 00000000         
   56 00000000         ; Vector Table Mapped to Address 0 at Reset
   57 00000000         
   58 00000000                 AREA             RESET, DATA, READONLY
   59 00000000                 EXPORT           __Vectors
   60 00000000         
   61 00000000 00000000 
                       __Vectors
                               DCD              __initial_sp ; Top of Stack
   62 00000004 00000000        DCD              Reset_Handler ; Reset Handler
   63 00000008 00000000        DCD              NMI_Handler ; NMI Handler
   64 0000000C 00000000        DCD              HardFault_Handler ; Hard Fault 
                                                            Handler
   65 00000010 00000000        DCD              MemManage_Handler 
                                                            ; MPU Fault Handler
                                                            
   66 00000014 00000000        DCD              BusFault_Handler 
                                                            ; Bus Fault Handler
                                                            
   67 00000018 00000000        DCD              UsageFault_Handler ; Usage Faul
                                                            t Handler
   68 0000001C 00000000        DCD              0           ; Reserved
   69 00000020 00000000        DCD              0           ; Reserved
   70 00000024 00000000        DCD              0           ; Reserved
   71 00000028 00000000        DCD              0           ; Reserved
   72 0000002C 00000000        DCD              SVC_Handler ; SVCall Handler
   73 00000030 00000000        DCD              DebugMon_Handler ; Debug Monito
                                                            r Handler
   74 00000034 00000000        DCD              0           ; Reserved
   75 00000038 00000000        DCD              OS_CPU_PendSVHandler 
                                                            ; PendSV Handler
   76 0000003C 00000000        DCD              OS_CPU_SysTickHandler 
                                                            ; SysTick Handler
   77 00000040         
   78 00000040         ; External Interrupts
   79 00000040 00000000        DCD              WDT_IRQHandler ; 16: Watchdog T
                                                            imer
   80 00000044 00000000        DCD              TIMER0_IRQHandler ; 17: Timer0
   81 00000048 00000000        DCD              TIMER1_IRQHandler ; 18: Timer1
   82 0000004C 00000000        DCD              TIMER2_IRQHandler ; 19: Timer2
   83 00000050 00000000        DCD              TIMER3_IRQHandler ; 20: Timer3
   84 00000054 00000000        DCD              UART0_IRQHandler ; 21: UART0
   85 00000058 00000000        DCD              UART1_IRQHandler ; 22: UART1
   86 0000005C 00000000        DCD              UART2_IRQHandler ; 23: UART2
   87 00000060 00000000        DCD              UART3_IRQHandler ; 24: UART3



ARM Macro Assembler    Page 3 


   88 00000064 00000000        DCD              PWM1_IRQHandler ; 25: PWM1
   89 00000068 00000000        DCD              I2C0_IRQHandler ; 26: I2C0
   90 0000006C 00000000        DCD              I2C1_IRQHandler ; 27: I2C1
   91 00000070 00000000        DCD              I2C2_IRQHandler ; 28: I2C2
   92 00000074 00000000        DCD              SPIFI_IRQHandler ; 29: SPIFI
   93 00000078 00000000        DCD              SSP0_IRQHandler ; 30: SSP0
   94 0000007C 00000000        DCD              SSP1_IRQHandler ; 31: SSP1
   95 00000080 00000000        DCD              PLL0_IRQHandler ; 32: PLL0 Lock
                                                             (Main PLL)
   96 00000084 00000000        DCD              RTC_IRQHandler ; 33: Real Time 
                                                            Clock
   97 00000088 00000000        DCD              EINT0_IRQHandler ; 34: External
                                                             Interrupt 0
   98 0000008C 00000000        DCD              EINT1_IRQHandler ; 35: External
                                                             Interrupt 1
   99 00000090 00000000        DCD              EINT2_IRQHandler ; 36: External
                                                             Interrupt 2
  100 00000094 00000000        DCD              EINT3_IRQHandler ; 37: External
                                                             Interrupt 3
  101 00000098 00000000        DCD              ADC_IRQHandler 
                                                            ; 38: A/D Converter
                                                            
  102 0000009C 00000000        DCD              BOD_IRQHandler ; 39: Brown-Out 
                                                            Detect
  103 000000A0 00000000        DCD              USB_IRQHandler ; 40: USB
  104 000000A4 00000000        DCD              CAN_IRQHandler ; 41: CAN
  105 000000A8 00000000        DCD              DMA_IRQHandler ; 42: General Pu
                                                            rpose DMA
  106 000000AC 00000000        DCD              I2S_IRQHandler ; 43: I2S
  107 000000B0 00000000        DCD              ENET_IRQHandler ; 44: Ethernet
  108 000000B4 00000000        DCD              MCI_IRQHandler ; 45: SD/MMC car
                                                            d I/F
  109 000000B8 00000000        DCD              MCPWM_IRQHandler ; 46: Motor Co
                                                            ntrol PWM
  110 000000BC 00000000        DCD              QEI_IRQHandler ; 47: Quadrature
                                                             Encoder Interface
  111 000000C0 00000000        DCD              PLL1_IRQHandler ; 48: PLL1 Lock
                                                             (USB PLL)
  112 000000C4 00000000        DCD              USBActivity_IRQHandler ; 49: US
                                                            B Activity interrup
                                                            t to wakeup
  113 000000C8 00000000        DCD              CANActivity_IRQHandler ; 50: CA
                                                            N Activity interrup
                                                            t to wakeup
  114 000000CC 00000000        DCD              UART4_IRQHandler ; 51: UART4
  115 000000D0 00000000        DCD              SSP2_IRQHandler ; 52: SSP2
  116 000000D4 00000000        DCD              LCD_IRQHandler ; 53: LCD
  117 000000D8 00000000        DCD              GPIO_IRQHandler ; 54: GPIO
  118 000000DC 00000000        DCD              PWM0_IRQHandler ; 55: PWM0
  119 000000E0 00000000        DCD              EEPROM_IRQHandler ; 56: EEPROM
  120 000000E4         
  121 000000E4         
  122 000000E4                 IF               :LNOT::DEF:NO_CRP
  123 000000E4                 AREA             |.ARM.__at_0x02FC|, CODE, READO
NLY
  124 00000000 FFFFFFFF 
                       CRP_Key DCD              0xFFFFFFFF
  125 00000004                 ENDIF
  126 00000004         



ARM Macro Assembler    Page 4 


  127 00000004         
  128 00000004                 AREA             |.text|, CODE, READONLY
  129 00000000         
  130 00000000         
  131 00000000         ; Reset Handler
  132 00000000         
  133 00000000         Reset_Handler
                               PROC
  134 00000000                 EXPORT           Reset_Handler             [WEAK
]
  135 00000000                 IMPORT           SystemInit
  136 00000000                 IMPORT           __main
  137 00000000 4805            LDR              R0, =SystemInit
  138 00000002 4780            BLX              R0
  139 00000004 4805            LDR              R0, =__main
  140 00000006 4700            BX               R0
  141 00000008                 ENDP
  142 00000008         
  143 00000008         
  144 00000008         ; Dummy Exception Handlers (infinite loops which can be 
                       modified)
  145 00000008         
  146 00000008         NMI_Handler
                               PROC
  147 00000008                 EXPORT           NMI_Handler               [WEAK
]
  148 00000008 E7FE            B                .
  149 0000000A                 ENDP
  151 0000000A         HardFault_Handler
                               PROC
  152 0000000A                 EXPORT           HardFault_Handler         [WEAK
]
  153 0000000A E7FE            B                .
  154 0000000C                 ENDP
  156 0000000C         MemManage_Handler
                               PROC
  157 0000000C                 EXPORT           MemManage_Handler         [WEAK
]
  158 0000000C E7FE            B                .
  159 0000000E                 ENDP
  161 0000000E         BusFault_Handler
                               PROC
  162 0000000E                 EXPORT           BusFault_Handler          [WEAK
]
  163 0000000E E7FE            B                .
  164 00000010                 ENDP
  166 00000010         UsageFault_Handler
                               PROC
  167 00000010                 EXPORT           UsageFault_Handler        [WEAK
]
  168 00000010 E7FE            B                .
  169 00000012                 ENDP
  170 00000012         SVC_Handler
                               PROC
  171 00000012                 EXPORT           SVC_Handler               [WEAK
]
  172 00000012 E7FE            B                .
  173 00000014                 ENDP
  175 00000014         DebugMon_Handler



ARM Macro Assembler    Page 5 


                               PROC
  176 00000014                 EXPORT           DebugMon_Handler          [WEAK
]
  177 00000014 E7FE            B                .
  178 00000016                 ENDP
  179 00000016         ;OSPendSV  PROC
  180 00000016         ;                EXPORT  OSPendSV            [WEAK]
  181 00000016         ;                B       .
  182 00000016         ;                ENDP
  183 00000016         ;tickISRHandler PROC
  184 00000016         ;               EXPORT  tickISRHandler           [WEAK]
  185 00000016         ;              B       .
  186 00000016         ;               ENDP
  187 00000016         
  188 00000016         Default_Handler
                               PROC
  189 00000016         
  190 00000016                 EXPORT           WDT_IRQHandler            [WEAK
]
  191 00000016                 EXPORT           TIMER0_IRQHandler         [WEAK
]
  192 00000016                 EXPORT           TIMER1_IRQHandler         [WEAK
]
  193 00000016                 EXPORT           TIMER2_IRQHandler         [WEAK
]
  194 00000016                 EXPORT           TIMER3_IRQHandler         [WEAK
]
  195 00000016                 EXPORT           UART0_IRQHandler          [WEAK
]
  196 00000016                 EXPORT           UART1_IRQHandler          [WEAK
]
  197 00000016                 EXPORT           UART2_IRQHandler          [WEAK
]
  198 00000016                 EXPORT           UART3_IRQHandler          [WEAK
]
  199 00000016                 EXPORT           PWM1_IRQHandler           [WEAK
]
  200 00000016                 EXPORT           I2C0_IRQHandler           [WEAK
]
  201 00000016                 EXPORT           I2C1_IRQHandler           [WEAK
]
  202 00000016                 EXPORT           I2C2_IRQHandler           [WEAK
]
  203 00000016                 EXPORT           SPIFI_IRQHandler          [WEAK
]
  204 00000016                 EXPORT           SSP0_IRQHandler           [WEAK
]
  205 00000016                 EXPORT           SSP1_IRQHandler           [WEAK
]
  206 00000016                 EXPORT           PLL0_IRQHandler           [WEAK
]
  207 00000016                 EXPORT           RTC_IRQHandler            [WEAK
]
  208 00000016                 EXPORT           EINT0_IRQHandler          [WEAK
]
  209 00000016                 EXPORT           EINT1_IRQHandler          [WEAK
]
  210 00000016                 EXPORT           EINT2_IRQHandler          [WEAK
]



ARM Macro Assembler    Page 6 


  211 00000016                 EXPORT           EINT3_IRQHandler          [WEAK
]
  212 00000016                 EXPORT           ADC_IRQHandler            [WEAK
]
  213 00000016                 EXPORT           BOD_IRQHandler            [WEAK
]
  214 00000016                 EXPORT           USB_IRQHandler            [WEAK
]
  215 00000016                 EXPORT           CAN_IRQHandler            [WEAK
]
  216 00000016                 EXPORT           DMA_IRQHandler            [WEAK
]
  217 00000016                 EXPORT           I2S_IRQHandler            [WEAK
]
  218 00000016                 EXPORT           ENET_IRQHandler           [WEAK
]
  219 00000016                 EXPORT           MCI_IRQHandler            [WEAK
]
  220 00000016                 EXPORT           MCPWM_IRQHandler          [WEAK
]
  221 00000016                 EXPORT           QEI_IRQHandler            [WEAK
]
  222 00000016                 EXPORT           PLL1_IRQHandler           [WEAK
]
  223 00000016                 EXPORT           USBActivity_IRQHandler    [WEAK
]
  224 00000016                 EXPORT           CANActivity_IRQHandler    [WEAK
]
  225 00000016                 EXPORT           UART4_IRQHandler          [WEAK
]
  226 00000016                 EXPORT           SSP2_IRQHandler           [WEAK
]
  227 00000016                 EXPORT           LCD_IRQHandler            [WEAK
]
  228 00000016                 EXPORT           GPIO_IRQHandler           [WEAK
]
  229 00000016                 EXPORT           PWM0_IRQHandler           [WEAK
]
  230 00000016                 EXPORT           EEPROM_IRQHandler         [WEAK
]
  231 00000016         
  232 00000016         WDT_IRQHandler
  233 00000016         TIMER0_IRQHandler
  234 00000016         TIMER1_IRQHandler
  235 00000016         TIMER2_IRQHandler
  236 00000016         TIMER3_IRQHandler
  237 00000016         UART0_IRQHandler
  238 00000016         UART1_IRQHandler
  239 00000016         UART2_IRQHandler
  240 00000016         UART3_IRQHandler
  241 00000016         PWM1_IRQHandler
  242 00000016         I2C0_IRQHandler
  243 00000016         I2C1_IRQHandler
  244 00000016         I2C2_IRQHandler
  245 00000016         SPIFI_IRQHandler
  246 00000016         SSP0_IRQHandler
  247 00000016         SSP1_IRQHandler
  248 00000016         PLL0_IRQHandler
  249 00000016         RTC_IRQHandler



ARM Macro Assembler    Page 7 


  250 00000016         EINT0_IRQHandler
  251 00000016         EINT1_IRQHandler
  252 00000016         EINT2_IRQHandler
  253 00000016         EINT3_IRQHandler
  254 00000016         ADC_IRQHandler
  255 00000016         BOD_IRQHandler
  256 00000016         USB_IRQHandler
  257 00000016         CAN_IRQHandler
  258 00000016         DMA_IRQHandler
  259 00000016         I2S_IRQHandler
  260 00000016         ENET_IRQHandler
  261 00000016         MCI_IRQHandler
  262 00000016         MCPWM_IRQHandler
  263 00000016         QEI_IRQHandler
  264 00000016         PLL1_IRQHandler
  265 00000016         USBActivity_IRQHandler
  266 00000016         CANActivity_IRQHandler
  267 00000016         UART4_IRQHandler
  268 00000016         SSP2_IRQHandler
  269 00000016         LCD_IRQHandler
  270 00000016         GPIO_IRQHandler
  271 00000016         PWM0_IRQHandler
  272 00000016         EEPROM_IRQHandler
  273 00000016         
  274 00000016 E7FE            B                .
  275 00000018         
  276 00000018                 ENDP
  277 00000018         
  278 00000018         
  279 00000018                 ALIGN
  280 00000018         
  281 00000018         
  282 00000018         ; User Initial Stack & Heap
  283 00000018         
  284 00000018                 IF               :DEF:__MICROLIB
  285 00000018         
  286 00000018                 EXPORT           __initial_sp
  287 00000018                 EXPORT           __heap_base
  288 00000018                 EXPORT           __heap_limit
  289 00000018         
  290 00000018                 ELSE
  304                          ENDIF
  305 00000018         
  306 00000018         
  307 00000018                 END
              00000000 
              00000000 
Command Line: --debug --xref --cpu=Cortex-M3 --apcs=interwork --depend=.\Flash\
startup_LPC177x_8x.d -o.\Flash\startup_LPC177x_8x.o -Id:\Keil\ARM\CMSIS\Include
 -Id:\Keil\ARM\INC\NXP\LPC177x_8x --predefine="__MICROLIB SETA 1" --list=.\star
tup_LPC177x_8x.lst ..\Core\CM3\DeviceSupport\NXP\LPC177x_8x\startup\arm\startup
_LPC177x_8x.s



ARM Macro Assembler    Page 1 Alphabetic symbol ordering
Relocatable symbols

STACK 00000000

Symbol: STACK
   Definitions
      At line 35 in file ..\Core\CM3\DeviceSupport\NXP\LPC177x_8x\startup\arm\s
tartup_LPC177x_8x.s
   Uses
      None
Comment: STACK unused
Stack_Mem 00000000

Symbol: Stack_Mem
   Definitions
      At line 36 in file ..\Core\CM3\DeviceSupport\NXP\LPC177x_8x\startup\arm\s
tartup_LPC177x_8x.s
   Uses
      None
Comment: Stack_Mem unused
__initial_sp 00000200

Symbol: __initial_sp
   Definitions
      At line 37 in file ..\Core\CM3\DeviceSupport\NXP\LPC177x_8x\startup\arm\s
tartup_LPC177x_8x.s
   Uses
      At line 61 in file ..\Core\CM3\DeviceSupport\NXP\LPC177x_8x\startup\arm\s
tartup_LPC177x_8x.s
      At line 286 in file ..\Core\CM3\DeviceSupport\NXP\LPC177x_8x\startup\arm\
startup_LPC177x_8x.s

3 symbols



ARM Macro Assembler    Page 1 Alphabetic symbol ordering
Relocatable symbols

HEAP 00000000

Symbol: HEAP
   Definitions
      At line 46 in file ..\Core\CM3\DeviceSupport\NXP\LPC177x_8x\startup\arm\s
tartup_LPC177x_8x.s
   Uses
      None
Comment: HEAP unused
Heap_Mem 00000000

Symbol: Heap_Mem
   Definitions
      At line 48 in file ..\Core\CM3\DeviceSupport\NXP\LPC177x_8x\startup\arm\s
tartup_LPC177x_8x.s
   Uses
      None
Comment: Heap_Mem unused
__heap_base 00000000

Symbol: __heap_base
   Definitions
      At line 47 in file ..\Core\CM3\DeviceSupport\NXP\LPC177x_8x\startup\arm\s
tartup_LPC177x_8x.s
   Uses
      At line 287 in file ..\Core\CM3\DeviceSupport\NXP\LPC177x_8x\startup\arm\
startup_LPC177x_8x.s
Comment: __heap_base used once
__heap_limit 00000000

Symbol: __heap_limit
   Definitions
      At line 49 in file ..\Core\CM3\DeviceSupport\NXP\LPC177x_8x\startup\arm\s
tartup_LPC177x_8x.s
   Uses
      At line 288 in file ..\Core\CM3\DeviceSupport\NXP\LPC177x_8x\startup\arm\
startup_LPC177x_8x.s
Comment: __heap_limit used once
4 symbols



ARM Macro Assembler    Page 1 Alphabetic symbol ordering
Relocatable symbols

RESET 00000000

Symbol: RESET
   Definitions
      At line 58 in file ..\Core\CM3\DeviceSupport\NXP\LPC177x_8x\startup\arm\s
tartup_LPC177x_8x.s
   Uses
      None
Comment: RESET unused
__Vectors 00000000

Symbol: __Vectors
   Definitions
      At line 61 in file ..\Core\CM3\DeviceSupport\NXP\LPC177x_8x\startup\arm\s
tartup_LPC177x_8x.s
   Uses
      At line 59 in file ..\Core\CM3\DeviceSupport\NXP\LPC177x_8x\startup\arm\s
tartup_LPC177x_8x.s
Comment: __Vectors used once
2 symbols



ARM Macro Assembler    Page 1 Alphabetic symbol ordering
Relocatable symbols

.ARM.__at_0x02FC 00000000

Symbol: .ARM.__at_0x02FC
   Definitions
      At line 123 in file ..\Core\CM3\DeviceSupport\NXP\LPC177x_8x\startup\arm\
startup_LPC177x_8x.s
   Uses
      None
Comment: .ARM.__at_0x02FC unused
CRP_Key 00000000

Symbol: CRP_Key
   Definitions
      At line 124 in file ..\Core\CM3\DeviceSupport\NXP\LPC177x_8x\startup\arm\
startup_LPC177x_8x.s
   Uses
      None
Comment: CRP_Key unused
2 symbols



ARM Macro Assembler    Page 1 Alphabetic symbol ordering
Relocatable symbols

.text 00000000

Symbol: .text
   Definitions
      At line 128 in file ..\Core\CM3\DeviceSupport\NXP\LPC177x_8x\startup\arm\
startup_LPC177x_8x.s
   Uses
      None
Comment: .text unused
ADC_IRQHandler 00000016

Symbol: ADC_IRQHandler
   Definitions
      At line 254 in file ..\Core\CM3\DeviceSupport\NXP\LPC177x_8x\startup\arm\
startup_LPC177x_8x.s
   Uses
      At line 101 in file ..\Core\CM3\DeviceSupport\NXP\LPC177x_8x\startup\arm\
startup_LPC177x_8x.s
      At line 212 in file ..\Core\CM3\DeviceSupport\NXP\LPC177x_8x\startup\arm\
startup_LPC177x_8x.s

BOD_IRQHandler 00000016

Symbol: BOD_IRQHandler
   Definitions
      At line 255 in file ..\Core\CM3\DeviceSupport\NXP\LPC177x_8x\startup\arm\
startup_LPC177x_8x.s
   Uses
      At line 102 in file ..\Core\CM3\DeviceSupport\NXP\LPC177x_8x\startup\arm\
startup_LPC177x_8x.s
      At line 213 in file ..\Core\CM3\DeviceSupport\NXP\LPC177x_8x\startup\arm\
startup_LPC177x_8x.s

BusFault_Handler 0000000E

Symbol: BusFault_Handler
   Definitions
      At line 161 in file ..\Core\CM3\DeviceSupport\NXP\LPC177x_8x\startup\arm\
startup_LPC177x_8x.s
   Uses
      At line 66 in file ..\Core\CM3\DeviceSupport\NXP\LPC177x_8x\startup\arm\s
tartup_LPC177x_8x.s
      At line 162 in file ..\Core\CM3\DeviceSupport\NXP\LPC177x_8x\startup\arm\
startup_LPC177x_8x.s

CANActivity_IRQHandler 00000016

Symbol: CANActivity_IRQHandler
   Definitions
      At line 266 in file ..\Core\CM3\DeviceSupport\NXP\LPC177x_8x\startup\arm\
startup_LPC177x_8x.s
   Uses
      At line 113 in file ..\Core\CM3\DeviceSupport\NXP\LPC177x_8x\startup\arm\
startup_LPC177x_8x.s
      At line 224 in file ..\Core\CM3\DeviceSupport\NXP\LPC177x_8x\startup\arm\
startup_LPC177x_8x.s

CAN_IRQHandler 00000016




ARM Macro Assembler    Page 2 Alphabetic symbol ordering
Relocatable symbols

Symbol: CAN_IRQHandler
   Definitions
      At line 257 in file ..\Core\CM3\DeviceSupport\NXP\LPC177x_8x\startup\arm\
startup_LPC177x_8x.s
   Uses
      At line 104 in file ..\Core\CM3\DeviceSupport\NXP\LPC177x_8x\startup\arm\
startup_LPC177x_8x.s
      At line 215 in file ..\Core\CM3\DeviceSupport\NXP\LPC177x_8x\startup\arm\
startup_LPC177x_8x.s

DMA_IRQHandler 00000016

Symbol: DMA_IRQHandler
   Definitions
      At line 258 in file ..\Core\CM3\DeviceSupport\NXP\LPC177x_8x\startup\arm\
startup_LPC177x_8x.s
   Uses
      At line 105 in file ..\Core\CM3\DeviceSupport\NXP\LPC177x_8x\startup\arm\
startup_LPC177x_8x.s
      At line 216 in file ..\Core\CM3\DeviceSupport\NXP\LPC177x_8x\startup\arm\
startup_LPC177x_8x.s

DebugMon_Handler 00000014

Symbol: DebugMon_Handler
   Definitions
      At line 175 in file ..\Core\CM3\DeviceSupport\NXP\LPC177x_8x\startup\arm\
startup_LPC177x_8x.s
   Uses
      At line 73 in file ..\Core\CM3\DeviceSupport\NXP\LPC177x_8x\startup\arm\s
tartup_LPC177x_8x.s
      At line 176 in file ..\Core\CM3\DeviceSupport\NXP\LPC177x_8x\startup\arm\
startup_LPC177x_8x.s

Default_Handler 00000016

Symbol: Default_Handler
   Definitions
      At line 188 in file ..\Core\CM3\DeviceSupport\NXP\LPC177x_8x\startup\arm\
startup_LPC177x_8x.s
   Uses
      None
Comment: Default_Handler unused
EEPROM_IRQHandler 00000016

Symbol: EEPROM_IRQHandler
   Definitions
      At line 272 in file ..\Core\CM3\DeviceSupport\NXP\LPC177x_8x\startup\arm\
startup_LPC177x_8x.s
   Uses
      At line 119 in file ..\Core\CM3\DeviceSupport\NXP\LPC177x_8x\startup\arm\
startup_LPC177x_8x.s
      At line 230 in file ..\Core\CM3\DeviceSupport\NXP\LPC177x_8x\startup\arm\
startup_LPC177x_8x.s

EINT0_IRQHandler 00000016

Symbol: EINT0_IRQHandler
   Definitions



ARM Macro Assembler    Page 3 Alphabetic symbol ordering
Relocatable symbols

      At line 250 in file ..\Core\CM3\DeviceSupport\NXP\LPC177x_8x\startup\arm\
startup_LPC177x_8x.s
   Uses
      At line 97 in file ..\Core\CM3\DeviceSupport\NXP\LPC177x_8x\startup\arm\s
tartup_LPC177x_8x.s
      At line 208 in file ..\Core\CM3\DeviceSupport\NXP\LPC177x_8x\startup\arm\
startup_LPC177x_8x.s

EINT1_IRQHandler 00000016

Symbol: EINT1_IRQHandler
   Definitions
      At line 251 in file ..\Core\CM3\DeviceSupport\NXP\LPC177x_8x\startup\arm\
startup_LPC177x_8x.s
   Uses
      At line 98 in file ..\Core\CM3\DeviceSupport\NXP\LPC177x_8x\startup\arm\s
tartup_LPC177x_8x.s
      At line 209 in file ..\Core\CM3\DeviceSupport\NXP\LPC177x_8x\startup\arm\
startup_LPC177x_8x.s

EINT2_IRQHandler 00000016

Symbol: EINT2_IRQHandler
   Definitions
      At line 252 in file ..\Core\CM3\DeviceSupport\NXP\LPC177x_8x\startup\arm\
startup_LPC177x_8x.s
   Uses
      At line 99 in file ..\Core\CM3\DeviceSupport\NXP\LPC177x_8x\startup\arm\s
tartup_LPC177x_8x.s
      At line 210 in file ..\Core\CM3\DeviceSupport\NXP\LPC177x_8x\startup\arm\
startup_LPC177x_8x.s

EINT3_IRQHandler 00000016

Symbol: EINT3_IRQHandler
   Definitions
      At line 253 in file ..\Core\CM3\DeviceSupport\NXP\LPC177x_8x\startup\arm\
startup_LPC177x_8x.s
   Uses
      At line 100 in file ..\Core\CM3\DeviceSupport\NXP\LPC177x_8x\startup\arm\
startup_LPC177x_8x.s
      At line 211 in file ..\Core\CM3\DeviceSupport\NXP\LPC177x_8x\startup\arm\
startup_LPC177x_8x.s

ENET_IRQHandler 00000016

Symbol: ENET_IRQHandler
   Definitions
      At line 260 in file ..\Core\CM3\DeviceSupport\NXP\LPC177x_8x\startup\arm\
startup_LPC177x_8x.s
   Uses
      At line 107 in file ..\Core\CM3\DeviceSupport\NXP\LPC177x_8x\startup\arm\
startup_LPC177x_8x.s
      At line 218 in file ..\Core\CM3\DeviceSupport\NXP\LPC177x_8x\startup\arm\
startup_LPC177x_8x.s

GPIO_IRQHandler 00000016

Symbol: GPIO_IRQHandler



ARM Macro Assembler    Page 4 Alphabetic symbol ordering
Relocatable symbols

   Definitions
      At line 270 in file ..\Core\CM3\DeviceSupport\NXP\LPC177x_8x\startup\arm\
startup_LPC177x_8x.s
   Uses
      At line 117 in file ..\Core\CM3\DeviceSupport\NXP\LPC177x_8x\startup\arm\
startup_LPC177x_8x.s
      At line 228 in file ..\Core\CM3\DeviceSupport\NXP\LPC177x_8x\startup\arm\
startup_LPC177x_8x.s

HardFault_Handler 0000000A

Symbol: HardFault_Handler
   Definitions
      At line 151 in file ..\Core\CM3\DeviceSupport\NXP\LPC177x_8x\startup\arm\
startup_LPC177x_8x.s
   Uses
      At line 64 in file ..\Core\CM3\DeviceSupport\NXP\LPC177x_8x\startup\arm\s
tartup_LPC177x_8x.s
      At line 152 in file ..\Core\CM3\DeviceSupport\NXP\LPC177x_8x\startup\arm\
startup_LPC177x_8x.s

I2C0_IRQHandler 00000016

Symbol: I2C0_IRQHandler
   Definitions
      At line 242 in file ..\Core\CM3\DeviceSupport\NXP\LPC177x_8x\startup\arm\
startup_LPC177x_8x.s
   Uses
      At line 89 in file ..\Core\CM3\DeviceSupport\NXP\LPC177x_8x\startup\arm\s
tartup_LPC177x_8x.s
      At line 200 in file ..\Core\CM3\DeviceSupport\NXP\LPC177x_8x\startup\arm\
startup_LPC177x_8x.s

I2C1_IRQHandler 00000016

Symbol: I2C1_IRQHandler
   Definitions
      At line 243 in file ..\Core\CM3\DeviceSupport\NXP\LPC177x_8x\startup\arm\
startup_LPC177x_8x.s
   Uses
      At line 90 in file ..\Core\CM3\DeviceSupport\NXP\LPC177x_8x\startup\arm\s
tartup_LPC177x_8x.s
      At line 201 in file ..\Core\CM3\DeviceSupport\NXP\LPC177x_8x\startup\arm\
startup_LPC177x_8x.s

I2C2_IRQHandler 00000016

Symbol: I2C2_IRQHandler
   Definitions
      At line 244 in file ..\Core\CM3\DeviceSupport\NXP\LPC177x_8x\startup\arm\
startup_LPC177x_8x.s
   Uses
      At line 91 in file ..\Core\CM3\DeviceSupport\NXP\LPC177x_8x\startup\arm\s
tartup_LPC177x_8x.s
      At line 202 in file ..\Core\CM3\DeviceSupport\NXP\LPC177x_8x\startup\arm\
startup_LPC177x_8x.s

I2S_IRQHandler 00000016




ARM Macro Assembler    Page 5 Alphabetic symbol ordering
Relocatable symbols

Symbol: I2S_IRQHandler
   Definitions
      At line 259 in file ..\Core\CM3\DeviceSupport\NXP\LPC177x_8x\startup\arm\
startup_LPC177x_8x.s
   Uses
      At line 106 in file ..\Core\CM3\DeviceSupport\NXP\LPC177x_8x\startup\arm\
startup_LPC177x_8x.s
      At line 217 in file ..\Core\CM3\DeviceSupport\NXP\LPC177x_8x\startup\arm\
startup_LPC177x_8x.s

LCD_IRQHandler 00000016

Symbol: LCD_IRQHandler
   Definitions
      At line 269 in file ..\Core\CM3\DeviceSupport\NXP\LPC177x_8x\startup\arm\
startup_LPC177x_8x.s
   Uses
      At line 116 in file ..\Core\CM3\DeviceSupport\NXP\LPC177x_8x\startup\arm\
startup_LPC177x_8x.s
      At line 227 in file ..\Core\CM3\DeviceSupport\NXP\LPC177x_8x\startup\arm\
startup_LPC177x_8x.s

MCI_IRQHandler 00000016

Symbol: MCI_IRQHandler
   Definitions
      At line 261 in file ..\Core\CM3\DeviceSupport\NXP\LPC177x_8x\startup\arm\
startup_LPC177x_8x.s
   Uses
      At line 108 in file ..\Core\CM3\DeviceSupport\NXP\LPC177x_8x\startup\arm\
startup_LPC177x_8x.s
      At line 219 in file ..\Core\CM3\DeviceSupport\NXP\LPC177x_8x\startup\arm\
startup_LPC177x_8x.s

MCPWM_IRQHandler 00000016

Symbol: MCPWM_IRQHandler
   Definitions
      At line 262 in file ..\Core\CM3\DeviceSupport\NXP\LPC177x_8x\startup\arm\
startup_LPC177x_8x.s
   Uses
      At line 109 in file ..\Core\CM3\DeviceSupport\NXP\LPC177x_8x\startup\arm\
startup_LPC177x_8x.s
      At line 220 in file ..\Core\CM3\DeviceSupport\NXP\LPC177x_8x\startup\arm\
startup_LPC177x_8x.s

MemManage_Handler 0000000C

Symbol: MemManage_Handler
   Definitions
      At line 156 in file ..\Core\CM3\DeviceSupport\NXP\LPC177x_8x\startup\arm\
startup_LPC177x_8x.s
   Uses
      At line 65 in file ..\Core\CM3\DeviceSupport\NXP\LPC177x_8x\startup\arm\s
tartup_LPC177x_8x.s
      At line 157 in file ..\Core\CM3\DeviceSupport\NXP\LPC177x_8x\startup\arm\
startup_LPC177x_8x.s

NMI_Handler 00000008



ARM Macro Assembler    Page 6 Alphabetic symbol ordering
Relocatable symbols


Symbol: NMI_Handler
   Definitions
      At line 146 in file ..\Core\CM3\DeviceSupport\NXP\LPC177x_8x\startup\arm\
startup_LPC177x_8x.s
   Uses
      At line 63 in file ..\Core\CM3\DeviceSupport\NXP\LPC177x_8x\startup\arm\s
tartup_LPC177x_8x.s
      At line 147 in file ..\Core\CM3\DeviceSupport\NXP\LPC177x_8x\startup\arm\
startup_LPC177x_8x.s

PLL0_IRQHandler 00000016

Symbol: PLL0_IRQHandler
   Definitions
      At line 248 in file ..\Core\CM3\DeviceSupport\NXP\LPC177x_8x\startup\arm\
startup_LPC177x_8x.s
   Uses
      At line 95 in file ..\Core\CM3\DeviceSupport\NXP\LPC177x_8x\startup\arm\s
tartup_LPC177x_8x.s
      At line 206 in file ..\Core\CM3\DeviceSupport\NXP\LPC177x_8x\startup\arm\
startup_LPC177x_8x.s

PLL1_IRQHandler 00000016

Symbol: PLL1_IRQHandler
   Definitions
      At line 264 in file ..\Core\CM3\DeviceSupport\NXP\LPC177x_8x\startup\arm\
startup_LPC177x_8x.s
   Uses
      At line 111 in file ..\Core\CM3\DeviceSupport\NXP\LPC177x_8x\startup\arm\
startup_LPC177x_8x.s
      At line 222 in file ..\Core\CM3\DeviceSupport\NXP\LPC177x_8x\startup\arm\
startup_LPC177x_8x.s

PWM0_IRQHandler 00000016

Symbol: PWM0_IRQHandler
   Definitions
      At line 271 in file ..\Core\CM3\DeviceSupport\NXP\LPC177x_8x\startup\arm\
startup_LPC177x_8x.s
   Uses
      At line 118 in file ..\Core\CM3\DeviceSupport\NXP\LPC177x_8x\startup\arm\
startup_LPC177x_8x.s
      At line 229 in file ..\Core\CM3\DeviceSupport\NXP\LPC177x_8x\startup\arm\
startup_LPC177x_8x.s

PWM1_IRQHandler 00000016

Symbol: PWM1_IRQHandler
   Definitions
      At line 241 in file ..\Core\CM3\DeviceSupport\NXP\LPC177x_8x\startup\arm\
startup_LPC177x_8x.s
   Uses
      At line 88 in file ..\Core\CM3\DeviceSupport\NXP\LPC177x_8x\startup\arm\s
tartup_LPC177x_8x.s
      At line 199 in file ..\Core\CM3\DeviceSupport\NXP\LPC177x_8x\startup\arm\
startup_LPC177x_8x.s




ARM Macro Assembler    Page 7 Alphabetic symbol ordering
Relocatable symbols

QEI_IRQHandler 00000016

Symbol: QEI_IRQHandler
   Definitions
      At line 263 in file ..\Core\CM3\DeviceSupport\NXP\LPC177x_8x\startup\arm\
startup_LPC177x_8x.s
   Uses
      At line 110 in file ..\Core\CM3\DeviceSupport\NXP\LPC177x_8x\startup\arm\
startup_LPC177x_8x.s
      At line 221 in file ..\Core\CM3\DeviceSupport\NXP\LPC177x_8x\startup\arm\
startup_LPC177x_8x.s

RTC_IRQHandler 00000016

Symbol: RTC_IRQHandler
   Definitions
      At line 249 in file ..\Core\CM3\DeviceSupport\NXP\LPC177x_8x\startup\arm\
startup_LPC177x_8x.s
   Uses
      At line 96 in file ..\Core\CM3\DeviceSupport\NXP\LPC177x_8x\startup\arm\s
tartup_LPC177x_8x.s
      At line 207 in file ..\Core\CM3\DeviceSupport\NXP\LPC177x_8x\startup\arm\
startup_LPC177x_8x.s

Reset_Handler 00000000

Symbol: Reset_Handler
   Definitions
      At line 133 in file ..\Core\CM3\DeviceSupport\NXP\LPC177x_8x\startup\arm\
startup_LPC177x_8x.s
   Uses
      At line 62 in file ..\Core\CM3\DeviceSupport\NXP\LPC177x_8x\startup\arm\s
tartup_LPC177x_8x.s
      At line 134 in file ..\Core\CM3\DeviceSupport\NXP\LPC177x_8x\startup\arm\
startup_LPC177x_8x.s

SPIFI_IRQHandler 00000016

Symbol: SPIFI_IRQHandler
   Definitions
      At line 245 in file ..\Core\CM3\DeviceSupport\NXP\LPC177x_8x\startup\arm\
startup_LPC177x_8x.s
   Uses
      At line 92 in file ..\Core\CM3\DeviceSupport\NXP\LPC177x_8x\startup\arm\s
tartup_LPC177x_8x.s
      At line 203 in file ..\Core\CM3\DeviceSupport\NXP\LPC177x_8x\startup\arm\
startup_LPC177x_8x.s

SSP0_IRQHandler 00000016

Symbol: SSP0_IRQHandler
   Definitions
      At line 246 in file ..\Core\CM3\DeviceSupport\NXP\LPC177x_8x\startup\arm\
startup_LPC177x_8x.s
   Uses
      At line 93 in file ..\Core\CM3\DeviceSupport\NXP\LPC177x_8x\startup\arm\s
tartup_LPC177x_8x.s
      At line 204 in file ..\Core\CM3\DeviceSupport\NXP\LPC177x_8x\startup\arm\
startup_LPC177x_8x.s



ARM Macro Assembler    Page 8 Alphabetic symbol ordering
Relocatable symbols


SSP1_IRQHandler 00000016

Symbol: SSP1_IRQHandler
   Definitions
      At line 247 in file ..\Core\CM3\DeviceSupport\NXP\LPC177x_8x\startup\arm\
startup_LPC177x_8x.s
   Uses
      At line 94 in file ..\Core\CM3\DeviceSupport\NXP\LPC177x_8x\startup\arm\s
tartup_LPC177x_8x.s
      At line 205 in file ..\Core\CM3\DeviceSupport\NXP\LPC177x_8x\startup\arm\
startup_LPC177x_8x.s

SSP2_IRQHandler 00000016

Symbol: SSP2_IRQHandler
   Definitions
      At line 268 in file ..\Core\CM3\DeviceSupport\NXP\LPC177x_8x\startup\arm\
startup_LPC177x_8x.s
   Uses
      At line 115 in file ..\Core\CM3\DeviceSupport\NXP\LPC177x_8x\startup\arm\
startup_LPC177x_8x.s
      At line 226 in file ..\Core\CM3\DeviceSupport\NXP\LPC177x_8x\startup\arm\
startup_LPC177x_8x.s

SVC_Handler 00000012

Symbol: SVC_Handler
   Definitions
      At line 170 in file ..\Core\CM3\DeviceSupport\NXP\LPC177x_8x\startup\arm\
startup_LPC177x_8x.s
   Uses
      At line 72 in file ..\Core\CM3\DeviceSupport\NXP\LPC177x_8x\startup\arm\s
tartup_LPC177x_8x.s
      At line 171 in file ..\Core\CM3\DeviceSupport\NXP\LPC177x_8x\startup\arm\
startup_LPC177x_8x.s

TIMER0_IRQHandler 00000016

Symbol: TIMER0_IRQHandler
   Definitions
      At line 233 in file ..\Core\CM3\DeviceSupport\NXP\LPC177x_8x\startup\arm\
startup_LPC177x_8x.s
   Uses
      At line 80 in file ..\Core\CM3\DeviceSupport\NXP\LPC177x_8x\startup\arm\s
tartup_LPC177x_8x.s
      At line 191 in file ..\Core\CM3\DeviceSupport\NXP\LPC177x_8x\startup\arm\
startup_LPC177x_8x.s

TIMER1_IRQHandler 00000016

Symbol: TIMER1_IRQHandler
   Definitions
      At line 234 in file ..\Core\CM3\DeviceSupport\NXP\LPC177x_8x\startup\arm\
startup_LPC177x_8x.s
   Uses
      At line 81 in file ..\Core\CM3\DeviceSupport\NXP\LPC177x_8x\startup\arm\s
tartup_LPC177x_8x.s
      At line 192 in file ..\Core\CM3\DeviceSupport\NXP\LPC177x_8x\startup\arm\



ARM Macro Assembler    Page 9 Alphabetic symbol ordering
Relocatable symbols

startup_LPC177x_8x.s

TIMER2_IRQHandler 00000016

Symbol: TIMER2_IRQHandler
   Definitions
      At line 235 in file ..\Core\CM3\DeviceSupport\NXP\LPC177x_8x\startup\arm\
startup_LPC177x_8x.s
   Uses
      At line 82 in file ..\Core\CM3\DeviceSupport\NXP\LPC177x_8x\startup\arm\s
tartup_LPC177x_8x.s
      At line 193 in file ..\Core\CM3\DeviceSupport\NXP\LPC177x_8x\startup\arm\
startup_LPC177x_8x.s

TIMER3_IRQHandler 00000016

Symbol: TIMER3_IRQHandler
   Definitions
      At line 236 in file ..\Core\CM3\DeviceSupport\NXP\LPC177x_8x\startup\arm\
startup_LPC177x_8x.s
   Uses
      At line 83 in file ..\Core\CM3\DeviceSupport\NXP\LPC177x_8x\startup\arm\s
tartup_LPC177x_8x.s
      At line 194 in file ..\Core\CM3\DeviceSupport\NXP\LPC177x_8x\startup\arm\
startup_LPC177x_8x.s

UART0_IRQHandler 00000016

Symbol: UART0_IRQHandler
   Definitions
      At line 237 in file ..\Core\CM3\DeviceSupport\NXP\LPC177x_8x\startup\arm\
startup_LPC177x_8x.s
   Uses
      At line 84 in file ..\Core\CM3\DeviceSupport\NXP\LPC177x_8x\startup\arm\s
tartup_LPC177x_8x.s
      At line 195 in file ..\Core\CM3\DeviceSupport\NXP\LPC177x_8x\startup\arm\
startup_LPC177x_8x.s

UART1_IRQHandler 00000016

Symbol: UART1_IRQHandler
   Definitions
      At line 238 in file ..\Core\CM3\DeviceSupport\NXP\LPC177x_8x\startup\arm\
startup_LPC177x_8x.s
   Uses
      At line 85 in file ..\Core\CM3\DeviceSupport\NXP\LPC177x_8x\startup\arm\s
tartup_LPC177x_8x.s
      At line 196 in file ..\Core\CM3\DeviceSupport\NXP\LPC177x_8x\startup\arm\
startup_LPC177x_8x.s

UART2_IRQHandler 00000016

Symbol: UART2_IRQHandler
   Definitions
      At line 239 in file ..\Core\CM3\DeviceSupport\NXP\LPC177x_8x\startup\arm\
startup_LPC177x_8x.s
   Uses
      At line 86 in file ..\Core\CM3\DeviceSupport\NXP\LPC177x_8x\startup\arm\s
tartup_LPC177x_8x.s



ARM Macro Assembler    Page 10 Alphabetic symbol ordering
Relocatable symbols

      At line 197 in file ..\Core\CM3\DeviceSupport\NXP\LPC177x_8x\startup\arm\
startup_LPC177x_8x.s

UART3_IRQHandler 00000016

Symbol: UART3_IRQHandler
   Definitions
      At line 240 in file ..\Core\CM3\DeviceSupport\NXP\LPC177x_8x\startup\arm\
startup_LPC177x_8x.s
   Uses
      At line 87 in file ..\Core\CM3\DeviceSupport\NXP\LPC177x_8x\startup\arm\s
tartup_LPC177x_8x.s
      At line 198 in file ..\Core\CM3\DeviceSupport\NXP\LPC177x_8x\startup\arm\
startup_LPC177x_8x.s

UART4_IRQHandler 00000016

Symbol: UART4_IRQHandler
   Definitions
      At line 267 in file ..\Core\CM3\DeviceSupport\NXP\LPC177x_8x\startup\arm\
startup_LPC177x_8x.s
   Uses
      At line 114 in file ..\Core\CM3\DeviceSupport\NXP\LPC177x_8x\startup\arm\
startup_LPC177x_8x.s
      At line 225 in file ..\Core\CM3\DeviceSupport\NXP\LPC177x_8x\startup\arm\
startup_LPC177x_8x.s

USBActivity_IRQHandler 00000016

Symbol: USBActivity_IRQHandler
   Definitions
      At line 265 in file ..\Core\CM3\DeviceSupport\NXP\LPC177x_8x\startup\arm\
startup_LPC177x_8x.s
   Uses
      At line 112 in file ..\Core\CM3\DeviceSupport\NXP\LPC177x_8x\startup\arm\
startup_LPC177x_8x.s
      At line 223 in file ..\Core\CM3\DeviceSupport\NXP\LPC177x_8x\startup\arm\
startup_LPC177x_8x.s

USB_IRQHandler 00000016

Symbol: USB_IRQHandler
   Definitions
      At line 256 in file ..\Core\CM3\DeviceSupport\NXP\LPC177x_8x\startup\arm\
startup_LPC177x_8x.s
   Uses
      At line 103 in file ..\Core\CM3\DeviceSupport\NXP\LPC177x_8x\startup\arm\
startup_LPC177x_8x.s
      At line 214 in file ..\Core\CM3\DeviceSupport\NXP\LPC177x_8x\startup\arm\
startup_LPC177x_8x.s

UsageFault_Handler 00000010

Symbol: UsageFault_Handler
   Definitions
      At line 166 in file ..\Core\CM3\DeviceSupport\NXP\LPC177x_8x\startup\arm\
startup_LPC177x_8x.s
   Uses
      At line 67 in file ..\Core\CM3\DeviceSupport\NXP\LPC177x_8x\startup\arm\s



ARM Macro Assembler    Page 11 Alphabetic symbol ordering
Relocatable symbols

tartup_LPC177x_8x.s
      At line 167 in file ..\Core\CM3\DeviceSupport\NXP\LPC177x_8x\startup\arm\
startup_LPC177x_8x.s

WDT_IRQHandler 00000016

Symbol: WDT_IRQHandler
   Definitions
      At line 232 in file ..\Core\CM3\DeviceSupport\NXP\LPC177x_8x\startup\arm\
startup_LPC177x_8x.s
   Uses
      At line 79 in file ..\Core\CM3\DeviceSupport\NXP\LPC177x_8x\startup\arm\s
tartup_LPC177x_8x.s
      At line 190 in file ..\Core\CM3\DeviceSupport\NXP\LPC177x_8x\startup\arm\
startup_LPC177x_8x.s

51 symbols



ARM Macro Assembler    Page 1 Alphabetic symbol ordering
Absolute symbols

Heap_Size 00000000

Symbol: Heap_Size
   Definitions
      At line 44 in file ..\Core\CM3\DeviceSupport\NXP\LPC177x_8x\startup\arm\s
tartup_LPC177x_8x.s
   Uses
      At line 48 in file ..\Core\CM3\DeviceSupport\NXP\LPC177x_8x\startup\arm\s
tartup_LPC177x_8x.s
Comment: Heap_Size used once
Stack_Size 00000200

Symbol: Stack_Size
   Definitions
      At line 33 in file ..\Core\CM3\DeviceSupport\NXP\LPC177x_8x\startup\arm\s
tartup_LPC177x_8x.s
   Uses
      At line 36 in file ..\Core\CM3\DeviceSupport\NXP\LPC177x_8x\startup\arm\s
tartup_LPC177x_8x.s
Comment: Stack_Size used once
2 symbols



ARM Macro Assembler    Page 1 Alphabetic symbol ordering
External symbols

OS_CPU_PendSVHandler 00000000

Symbol: OS_CPU_PendSVHandler
   Definitions
      At line 27 in file ..\Core\CM3\DeviceSupport\NXP\LPC177x_8x\startup\arm\s
tartup_LPC177x_8x.s
   Uses
      At line 75 in file ..\Core\CM3\DeviceSupport\NXP\LPC177x_8x\startup\arm\s
tartup_LPC177x_8x.s
Comment: OS_CPU_PendSVHandler used once
OS_CPU_SysTickHandler 00000000

Symbol: OS_CPU_SysTickHandler
   Definitions
      At line 28 in file ..\Core\CM3\DeviceSupport\NXP\LPC177x_8x\startup\arm\s
tartup_LPC177x_8x.s
   Uses
      At line 76 in file ..\Core\CM3\DeviceSupport\NXP\LPC177x_8x\startup\arm\s
tartup_LPC177x_8x.s
Comment: OS_CPU_SysTickHandler used once
SystemInit 00000000

Symbol: SystemInit
   Definitions
      At line 135 in file ..\Core\CM3\DeviceSupport\NXP\LPC177x_8x\startup\arm\
startup_LPC177x_8x.s
   Uses
      At line 137 in file ..\Core\CM3\DeviceSupport\NXP\LPC177x_8x\startup\arm\
startup_LPC177x_8x.s
Comment: SystemInit used once
__main 00000000

Symbol: __main
   Definitions
      At line 136 in file ..\Core\CM3\DeviceSupport\NXP\LPC177x_8x\startup\arm\
startup_LPC177x_8x.s
   Uses
      At line 139 in file ..\Core\CM3\DeviceSupport\NXP\LPC177x_8x\startup\arm\
startup_LPC177x_8x.s
Comment: __main used once
4 symbols
396 symbols in table
